<?xml version="1.0" encoding="UTF-8"?>
<!-- Generated by org.testng.reporters.JUnitXMLReporter -->
<testsuite ignored="0" hostname="192.168.1.8" failures="0" tests="4" name="Test" time="23.87" errors="0" timestamp="2024-04-25T23:59:39 COT">
  <testcase classname="pruebas.TestSuiteBase" name="clickTuEspacioIngresar" time="1.739"/>
  <testcase classname="pruebas.TestSuiteBase" name="clickTuEspacioSalir" time="0.956"/>
  <testcase classname="pruebas.TestSuiteRegister" name="registroDeportista" time="2.665"/>
  <testcase classname="pruebas.TestSuiteRegisterPartner" name="registroSocio" time="1.709"/>
</testsuite> <!-- Test -->
